<?xml version="1.0" encoding="UTF-8"?>
<coverage generated="1697702618040" clover="3.2.0">
  <project timestamp="1697702618040" name="All files">
    <metrics statements="38" coveredstatements="38" conditionals="18" coveredconditionals="18" methods="10" coveredmethods="10" elements="66" coveredelements="66" complexity="0" loc="38" ncloc="38" packages="1" files="2" classes="2"/>
    <file name="parser.js" path="/Users/mikhail/Documents/dev/projects/hex-test/frontend-project-46/src/parser.js">
      <metrics statements="11" coveredstatements="11" conditionals="4" coveredconditionals="4" methods="4" coveredmethods="4"/>
      <line num="6" count="2" type="stmt"/>
      <line num="7" count="8" type="stmt"/>
      <line num="8" count="8" type="stmt"/>
      <line num="11" count="1" type="stmt"/>
      <line num="15" count="6" type="stmt"/>
      <line num="17" count="2" type="stmt"/>
      <line num="19" count="2" type="stmt"/>
      <line num="20" count="8" type="stmt"/>
      <line num="21" count="8" type="cond" truecount="2" falsecount="0"/>
      <line num="22" count="2" type="cond" truecount="2" falsecount="0"/>
      <line num="23" count="1" type="stmt"/>
    </file>
    <file name="stylish.js" path="/Users/mikhail/Documents/dev/projects/hex-test/frontend-project-46/src/stylish.js">
      <metrics statements="27" coveredstatements="27" conditionals="14" coveredconditionals="14" methods="6" coveredmethods="6"/>
      <line num="4" count="4" type="stmt"/>
      <line num="6" count="1" type="stmt"/>
      <line num="7" count="3" type="stmt"/>
      <line num="8" count="3" type="stmt"/>
      <line num="9" count="3" type="stmt"/>
      <line num="10" count="15" type="stmt"/>
      <line num="11" count="15" type="stmt"/>
      <line num="12" count="15" type="stmt"/>
      <line num="13" count="15" type="stmt"/>
      <line num="14" count="15" type="cond" truecount="4" falsecount="0"/>
      <line num="15" count="6" type="stmt"/>
      <line num="17" count="15" type="cond" truecount="4" falsecount="0"/>
      <line num="18" count="6" type="cond" truecount="2" falsecount="0"/>
      <line num="19" count="3" type="stmt"/>
      <line num="21" count="6" type="stmt"/>
      <line num="23" count="15" type="cond" truecount="4" falsecount="0"/>
      <line num="24" count="3" type="stmt"/>
      <line num="27" count="15" type="stmt"/>
      <line num="31" count="1" type="stmt"/>
      <line num="32" count="12" type="stmt"/>
      <line num="33" count="2" type="stmt"/>
      <line num="34" count="2" type="stmt"/>
      <line num="37" count="1" type="stmt"/>
      <line num="38" count="1" type="stmt"/>
      <line num="39" count="1" type="stmt"/>
      <line num="40" count="1" type="stmt"/>
      <line num="41" count="1" type="stmt"/>
    </file>
  </project>
</coverage>
