{"/Applications/dev/web/research/hexlet/frontend-project-46/index.js": {"path":"/Applications/dev/web/research/hexlet/frontend-project-46/index.js","statementMap":{},"fnMap":{},"branchMap":{},"s":{},"f":{},"b":{},"_coverageSchema":"1a1c01bbd47fc00a2c39e90264f33305004495a9","hash":"8b0e2bdcb89007d5e1dfbc4c2d00c1551be59093"}
,"/Applications/dev/web/research/hexlet/frontend-project-46/src/parser.js": {"path":"/Applications/dev/web/research/hexlet/frontend-project-46/src/parser.js","statementMap":{"0":{"start":{"line":6,"column":16},"end":{"line":13,"column":1}},"1":{"start":{"line":7,"column":2},"end":{"line":12,"column":3}},"2":{"start":{"line":8,"column":4},"end":{"line":8,"column":64}},"3":{"start":{"line":11,"column":4},"end":{"line":11,"column":16}},"4":{"start":{"line":15,"column":19},"end":{"line":15,"column":53}},"5":{"start":{"line":15,"column":33},"end":{"line":15,"column":53}},"6":{"start":{"line":17,"column":19},"end":{"line":17,"column":52}},"7":{"start":{"line":17,"column":33},"end":{"line":17,"column":52}},"8":{"start":{"line":19,"column":20},"end":{"line":25,"column":1}},"9":{"start":{"line":20,"column":21},"end":{"line":20,"column":38}},"10":{"start":{"line":21,"column":2},"end":{"line":21,"column":64}},"11":{"start":{"line":21,"column":34},"end":{"line":21,"column":64}},"12":{"start":{"line":22,"column":2},"end":{"line":23,"column":34}},"13":{"start":{"line":23,"column":4},"end":{"line":23,"column":34}},"14":{"start":{"line":24,"column":2},"end":{"line":24,"column":14}}},"fnMap":{"0":{"name":"(anonymous_0)","decl":{"start":{"line":6,"column":16},"end":{"line":6,"column":17}},"loc":{"start":{"line":6,"column":30},"end":{"line":13,"column":1}},"line":6},"1":{"name":"(anonymous_1)","decl":{"start":{"line":15,"column":19},"end":{"line":15,"column":20}},"loc":{"start":{"line":15,"column":33},"end":{"line":15,"column":53}},"line":15},"2":{"name":"(anonymous_2)","decl":{"start":{"line":17,"column":19},"end":{"line":17,"column":20}},"loc":{"start":{"line":17,"column":33},"end":{"line":17,"column":52}},"line":17},"3":{"name":"(anonymous_3)","decl":{"start":{"line":19,"column":20},"end":{"line":19,"column":21}},"loc":{"start":{"line":19,"column":34},"end":{"line":25,"column":1}},"line":19}},"branchMap":{"0":{"loc":{"start":{"line":21,"column":2},"end":{"line":21,"column":64}},"type":"if","locations":[{"start":{"line":21,"column":2},"end":{"line":21,"column":64}},{"start":{},"end":{}}],"line":21},"1":{"loc":{"start":{"line":22,"column":2},"end":{"line":23,"column":34}},"type":"if","locations":[{"start":{"line":22,"column":2},"end":{"line":23,"column":34}},{"start":{},"end":{}}],"line":22},"2":{"loc":{"start":{"line":22,"column":6},"end":{"line":22,"column":61}},"type":"binary-expr","locations":[{"start":{"line":22,"column":6},"end":{"line":22,"column":31}},{"start":{"line":22,"column":35},"end":{"line":22,"column":61}}],"line":22}},"s":{"0":4,"1":42,"2":42,"3":1,"4":4,"5":31,"6":4,"7":10,"8":4,"9":42,"10":42,"11":31,"12":11,"13":10,"14":1},"f":{"0":42,"1":31,"2":10,"3":42},"b":{"0":[31,11],"1":[10,1],"2":[11,10]},"_coverageSchema":"1a1c01bbd47fc00a2c39e90264f33305004495a9","hash":"7a0e2797be3d14b0581f03385420f4c5aa5bbd59"}
,"/Applications/dev/web/research/hexlet/frontend-project-46/src/formatters/index.js": {"path":"/Applications/dev/web/research/hexlet/frontend-project-46/src/formatters/index.js","statementMap":{"0":{"start":{"line":6,"column":16},"end":{"line":19,"column":1}},"1":{"start":{"line":7,"column":22},"end":{"line":7,"column":40}},"2":{"start":{"line":8,"column":22},"end":{"line":8,"column":41}},"3":{"start":{"line":9,"column":2},"end":{"line":18,"column":3}},"4":{"start":{"line":11,"column":6},"end":{"line":11,"column":54}},"5":{"start":{"line":13,"column":6},"end":{"line":13,"column":52}},"6":{"start":{"line":15,"column":6},"end":{"line":15,"column":51}},"7":{"start":{"line":17,"column":6},"end":{"line":17,"column":32}},"8":{"start":{"line":21,"column":16},"end":{"line":23,"column":1}},"9":{"start":{"line":22,"column":2},"end":{"line":22,"column":54}}},"fnMap":{"0":{"name":"(anonymous_0)","decl":{"start":{"line":6,"column":16},"end":{"line":6,"column":17}},"loc":{"start":{"line":6,"column":55},"end":{"line":19,"column":1}},"line":6},"1":{"name":"(anonymous_1)","decl":{"start":{"line":21,"column":16},"end":{"line":21,"column":17}},"loc":{"start":{"line":21,"column":44},"end":{"line":23,"column":1}},"line":21}},"branchMap":{"0":{"loc":{"start":{"line":6,"column":32},"end":{"line":6,"column":50}},"type":"default-arg","locations":[{"start":{"line":6,"column":41},"end":{"line":6,"column":50}}],"line":6},"1":{"loc":{"start":{"line":9,"column":2},"end":{"line":18,"column":3}},"type":"switch","locations":[{"start":{"line":10,"column":4},"end":{"line":11,"column":54}},{"start":{"line":12,"column":4},"end":{"line":13,"column":52}},{"start":{"line":14,"column":4},"end":{"line":15,"column":51}},{"start":{"line":16,"column":4},"end":{"line":17,"column":32}}],"line":9}},"s":{"0":3,"1":19,"2":19,"3":19,"4":6,"5":6,"6":6,"7":1,"8":3,"9":0},"f":{"0":19,"1":0},"b":{"0":[6],"1":[6,6,6,1]},"_coverageSchema":"1a1c01bbd47fc00a2c39e90264f33305004495a9","hash":"16aeb436f0e17668f25126175256eb1863b996a0"}
,"/Applications/dev/web/research/hexlet/frontend-project-46/src/formatters/json.js": {"path":"/Applications/dev/web/research/hexlet/frontend-project-46/src/formatters/json.js","statementMap":{"0":{"start":{"line":3,"column":20},"end":{"line":50,"column":1}},"1":{"start":{"line":4,"column":18},"end":{"line":4,"column":52}},"2":{"start":{"line":5,"column":15},"end":{"line":5,"column":45}},"3":{"start":{"line":6,"column":17},"end":{"line":47,"column":4}},"4":{"start":{"line":7,"column":19},"end":{"line":7,"column":35}},"5":{"start":{"line":8,"column":19},"end":{"line":8,"column":35}},"6":{"start":{"line":10,"column":27},"end":{"line":15,"column":5}},"7":{"start":{"line":11,"column":6},"end":{"line":13,"column":7}},"8":{"start":{"line":12,"column":8},"end":{"line":12,"column":41}},"9":{"start":{"line":14,"column":6},"end":{"line":14,"column":19}},"10":{"start":{"line":17,"column":4},"end":{"line":32,"column":5}},"11":{"start":{"line":18,"column":6},"end":{"line":20,"column":7}},"12":{"start":{"line":19,"column":8},"end":{"line":19,"column":60}},"13":{"start":{"line":22,"column":6},"end":{"line":24,"column":7}},"14":{"start":{"line":23,"column":8},"end":{"line":23,"column":65}},"15":{"start":{"line":26,"column":6},"end":{"line":31,"column":8}},"16":{"start":{"line":34,"column":4},"end":{"line":40,"column":5}},"17":{"start":{"line":35,"column":6},"end":{"line":39,"column":8}},"18":{"start":{"line":42,"column":2},"end":{"line":46,"column":4}},"19":{"start":{"line":49,"column":2},"end":{"line":49,"column":70}}},"fnMap":{"0":{"name":"(anonymous_0)","decl":{"start":{"line":3,"column":20},"end":{"line":3,"column":21}},"loc":{"start":{"line":3,"column":50},"end":{"line":50,"column":1}},"line":3},"1":{"name":"(anonymous_1)","decl":{"start":{"line":6,"column":26},"end":{"line":6,"column":27}},"loc":{"start":{"line":6,"column":35},"end":{"line":47,"column":3}},"line":6},"2":{"name":"(anonymous_2)","decl":{"start":{"line":10,"column":27},"end":{"line":10,"column":28}},"loc":{"start":{"line":10,"column":38},"end":{"line":15,"column":5}},"line":10}},"branchMap":{"0":{"loc":{"start":{"line":11,"column":6},"end":{"line":13,"column":7}},"type":"if","locations":[{"start":{"line":11,"column":6},"end":{"line":13,"column":7}},{"start":{},"end":{}}],"line":11},"1":{"loc":{"start":{"line":11,"column":10},"end":{"line":11,"column":53}},"type":"binary-expr","locations":[{"start":{"line":11,"column":10},"end":{"line":11,"column":35}},{"start":{"line":11,"column":39},"end":{"line":11,"column":53}}],"line":11},"2":{"loc":{"start":{"line":17,"column":4},"end":{"line":32,"column":5}},"type":"if","locations":[{"start":{"line":17,"column":4},"end":{"line":32,"column":5}},{"start":{},"end":{}}],"line":17},"3":{"loc":{"start":{"line":17,"column":8},"end":{"line":17,"column":48}},"type":"binary-expr","locations":[{"start":{"line":17,"column":8},"end":{"line":17,"column":26}},{"start":{"line":17,"column":30},"end":{"line":17,"column":48}}],"line":17},"4":{"loc":{"start":{"line":18,"column":6},"end":{"line":20,"column":7}},"type":"if","locations":[{"start":{"line":18,"column":6},"end":{"line":20,"column":7}},{"start":{},"end":{}}],"line":18},"5":{"loc":{"start":{"line":22,"column":6},"end":{"line":24,"column":7}},"type":"if","locations":[{"start":{"line":22,"column":6},"end":{"line":24,"column":7}},{"start":{},"end":{}}],"line":22},"6":{"loc":{"start":{"line":22,"column":10},"end":{"line":22,"column":66}},"type":"binary-expr","locations":[{"start":{"line":22,"column":10},"end":{"line":22,"column":36}},{"start":{"line":22,"column":40},"end":{"line":22,"column":66}}],"line":22},"7":{"loc":{"start":{"line":34,"column":4},"end":{"line":40,"column":5}},"type":"if","locations":[{"start":{"line":34,"column":4},"end":{"line":40,"column":5}},{"start":{},"end":{}}],"line":34}},"s":{"0":3,"1":39,"2":39,"3":39,"4":96,"5":96,"6":96,"7":99,"8":21,"9":78,"10":96,"11":66,"12":39,"13":27,"14":12,"15":15,"16":30,"17":12,"18":18,"19":39},"f":{"0":39,"1":96,"2":99},"b":{"0":[21,78],"1":[99,24],"2":[66,30],"3":[96,78],"4":[39,27],"5":[12,15],"6":[27,15],"7":[12,18]},"_coverageSchema":"1a1c01bbd47fc00a2c39e90264f33305004495a9","hash":"ae9db42819fe5901d5e25db087abb446643d01f1"}
,"/Applications/dev/web/research/hexlet/frontend-project-46/src/formatters/plain.js": {"path":"/Applications/dev/web/research/hexlet/frontend-project-46/src/formatters/plain.js","statementMap":{"0":{"start":{"line":3,"column":20},"end":{"line":13,"column":1}},"1":{"start":{"line":4,"column":2},"end":{"line":12,"column":3}},"2":{"start":{"line":6,"column":6},"end":{"line":6,"column":38}},"3":{"start":{"line":6,"column":26},"end":{"line":6,"column":38}},"4":{"start":{"line":7,"column":6},"end":{"line":7,"column":31}},"5":{"start":{"line":9,"column":6},"end":{"line":9,"column":26}},"6":{"start":{"line":11,"column":6},"end":{"line":11,"column":19}},"7":{"start":{"line":15,"column":21},"end":{"line":47,"column":1}},"8":{"start":{"line":16,"column":18},"end":{"line":16,"column":52}},"9":{"start":{"line":17,"column":15},"end":{"line":17,"column":45}},"10":{"start":{"line":18,"column":17},"end":{"line":44,"column":4}},"11":{"start":{"line":19,"column":19},"end":{"line":19,"column":35}},"12":{"start":{"line":20,"column":19},"end":{"line":20,"column":35}},"13":{"start":{"line":21,"column":24},"end":{"line":21,"column":65}},"14":{"start":{"line":23,"column":4},"end":{"line":35,"column":5}},"15":{"start":{"line":24,"column":6},"end":{"line":26,"column":7}},"16":{"start":{"line":25,"column":8},"end":{"line":25,"column":57}},"17":{"start":{"line":28,"column":6},"end":{"line":30,"column":7}},"18":{"start":{"line":29,"column":8},"end":{"line":29,"column":18}},"19":{"start":{"line":32,"column":6},"end":{"line":34,"column":36}},"20":{"start":{"line":37,"column":4},"end":{"line":39,"column":5}},"21":{"start":{"line":38,"column":6},"end":{"line":38,"column":53}},"22":{"start":{"line":41,"column":4},"end":{"line":43,"column":8}},"23":{"start":{"line":46,"column":2},"end":{"line":46,"column":27}}},"fnMap":{"0":{"name":"(anonymous_0)","decl":{"start":{"line":3,"column":20},"end":{"line":3,"column":21}},"loc":{"start":{"line":3,"column":31},"end":{"line":13,"column":1}},"line":3},"1":{"name":"(anonymous_1)","decl":{"start":{"line":15,"column":21},"end":{"line":15,"column":22}},"loc":{"start":{"line":15,"column":62},"end":{"line":47,"column":1}},"line":15},"2":{"name":"(anonymous_2)","decl":{"start":{"line":18,"column":30},"end":{"line":18,"column":31}},"loc":{"start":{"line":18,"column":39},"end":{"line":44,"column":3}},"line":18}},"branchMap":{"0":{"loc":{"start":{"line":4,"column":2},"end":{"line":12,"column":3}},"type":"switch","locations":[{"start":{"line":5,"column":4},"end":{"line":7,"column":31}},{"start":{"line":8,"column":4},"end":{"line":9,"column":26}},{"start":{"line":10,"column":4},"end":{"line":11,"column":19}}],"line":4},"1":{"loc":{"start":{"line":6,"column":6},"end":{"line":6,"column":38}},"type":"if","locations":[{"start":{"line":6,"column":6},"end":{"line":6,"column":38}},{"start":{},"end":{}}],"line":6},"2":{"loc":{"start":{"line":15,"column":48},"end":{"line":15,"column":57}},"type":"default-arg","locations":[{"start":{"line":15,"column":55},"end":{"line":15,"column":57}}],"line":15},"3":{"loc":{"start":{"line":21,"column":24},"end":{"line":21,"column":65}},"type":"cond-expr","locations":[{"start":{"line":21,"column":38},"end":{"line":21,"column":46}},{"start":{"line":21,"column":49},"end":{"line":21,"column":65}}],"line":21},"4":{"loc":{"start":{"line":23,"column":4},"end":{"line":35,"column":5}},"type":"if","locations":[{"start":{"line":23,"column":4},"end":{"line":35,"column":5}},{"start":{},"end":{}}],"line":23},"5":{"loc":{"start":{"line":23,"column":8},"end":{"line":23,"column":48}},"type":"binary-expr","locations":[{"start":{"line":23,"column":8},"end":{"line":23,"column":26}},{"start":{"line":23,"column":30},"end":{"line":23,"column":48}}],"line":23},"6":{"loc":{"start":{"line":24,"column":6},"end":{"line":26,"column":7}},"type":"if","locations":[{"start":{"line":24,"column":6},"end":{"line":26,"column":7}},{"start":{},"end":{}}],"line":24},"7":{"loc":{"start":{"line":24,"column":10},"end":{"line":24,"column":66}},"type":"binary-expr","locations":[{"start":{"line":24,"column":10},"end":{"line":24,"column":36}},{"start":{"line":24,"column":40},"end":{"line":24,"column":66}}],"line":24},"8":{"loc":{"start":{"line":28,"column":6},"end":{"line":30,"column":7}},"type":"if","locations":[{"start":{"line":28,"column":6},"end":{"line":30,"column":7}},{"start":{},"end":{}}],"line":28},"9":{"loc":{"start":{"line":37,"column":4},"end":{"line":39,"column":5}},"type":"if","locations":[{"start":{"line":37,"column":4},"end":{"line":39,"column":5}},{"start":{},"end":{}}],"line":37}},"s":{"0":3,"1":48,"2":12,"3":3,"4":9,"5":21,"6":15,"7":3,"8":18,"9":18,"10":18,"11":69,"12":69,"13":69,"14":69,"15":39,"16":12,"17":27,"18":12,"19":15,"20":30,"21":12,"22":18,"23":18},"f":{"0":48,"1":18,"2":69},"b":{"0":[12,21,15],"1":[3,9],"2":[6],"3":[27,42],"4":[39,30],"5":[69,51],"6":[12,27],"7":[39,15],"8":[12,15],"9":[12,18]},"_coverageSchema":"1a1c01bbd47fc00a2c39e90264f33305004495a9","hash":"4e2ed8cd7329e43992fc73f2874c5759092bc166"}
,"/Applications/dev/web/research/hexlet/frontend-project-46/src/formatters/stylish.js": {"path":"/Applications/dev/web/research/hexlet/frontend-project-46/src/formatters/stylish.js","statementMap":{"0":{"start":{"line":3,"column":17},"end":{"line":3,"column":41}},"1":{"start":{"line":3,"column":27},"end":{"line":3,"column":41}},"2":{"start":{"line":5,"column":16},"end":{"line":5,"column":20}},"3":{"start":{"line":7,"column":23},"end":{"line":45,"column":1}},"4":{"start":{"line":8,"column":18},"end":{"line":8,"column":52}},"5":{"start":{"line":9,"column":15},"end":{"line":9,"column":45}},"6":{"start":{"line":10,"column":14},"end":{"line":10,"column":35}},"7":{"start":{"line":11,"column":17},"end":{"line":42,"column":4}},"8":{"start":{"line":12,"column":19},"end":{"line":12,"column":35}},"9":{"start":{"line":13,"column":19},"end":{"line":13,"column":35}},"10":{"start":{"line":15,"column":27},"end":{"line":20,"column":5}},"11":{"start":{"line":16,"column":6},"end":{"line":18,"column":7}},"12":{"start":{"line":17,"column":8},"end":{"line":17,"column":58}},"13":{"start":{"line":19,"column":6},"end":{"line":19,"column":19}},"14":{"start":{"line":22,"column":4},"end":{"line":35,"column":5}},"15":{"start":{"line":23,"column":6},"end":{"line":25,"column":7}},"16":{"start":{"line":24,"column":8},"end":{"line":24,"column":66}},"17":{"start":{"line":27,"column":6},"end":{"line":29,"column":7}},"18":{"start":{"line":28,"column":8},"end":{"line":28,"column":78}},"19":{"start":{"line":31,"column":6},"end":{"line":34,"column":60}},"20":{"start":{"line":37,"column":4},"end":{"line":39,"column":5}},"21":{"start":{"line":38,"column":6},"end":{"line":38,"column":64}},"22":{"start":{"line":41,"column":4},"end":{"line":41,"column":62}},"23":{"start":{"line":44,"column":2},"end":{"line":44,"column":63}}},"fnMap":{"0":{"name":"(anonymous_0)","decl":{"start":{"line":3,"column":17},"end":{"line":3,"column":18}},"loc":{"start":{"line":3,"column":27},"end":{"line":3,"column":41}},"line":3},"1":{"name":"(anonymous_1)","decl":{"start":{"line":7,"column":23},"end":{"line":7,"column":24}},"loc":{"start":{"line":7,"column":64},"end":{"line":45,"column":1}},"line":7},"2":{"name":"(anonymous_2)","decl":{"start":{"line":11,"column":26},"end":{"line":11,"column":27}},"loc":{"start":{"line":11,"column":35},"end":{"line":42,"column":3}},"line":11},"3":{"name":"(anonymous_3)","decl":{"start":{"line":15,"column":27},"end":{"line":15,"column":28}},"loc":{"start":{"line":15,"column":48},"end":{"line":20,"column":5}},"line":15}},"branchMap":{"0":{"loc":{"start":{"line":7,"column":50},"end":{"line":7,"column":59}},"type":"default-arg","locations":[{"start":{"line":7,"column":58},"end":{"line":7,"column":59}}],"line":7},"1":{"loc":{"start":{"line":16,"column":6},"end":{"line":18,"column":7}},"type":"if","locations":[{"start":{"line":16,"column":6},"end":{"line":18,"column":7}},{"start":{},"end":{}}],"line":16},"2":{"loc":{"start":{"line":16,"column":10},"end":{"line":16,"column":53}},"type":"binary-expr","locations":[{"start":{"line":16,"column":10},"end":{"line":16,"column":35}},{"start":{"line":16,"column":39},"end":{"line":16,"column":53}}],"line":16},"3":{"loc":{"start":{"line":22,"column":4},"end":{"line":35,"column":5}},"type":"if","locations":[{"start":{"line":22,"column":4},"end":{"line":35,"column":5}},{"start":{},"end":{}}],"line":22},"4":{"loc":{"start":{"line":22,"column":8},"end":{"line":22,"column":48}},"type":"binary-expr","locations":[{"start":{"line":22,"column":8},"end":{"line":22,"column":26}},{"start":{"line":22,"column":30},"end":{"line":22,"column":48}}],"line":22},"5":{"loc":{"start":{"line":23,"column":6},"end":{"line":25,"column":7}},"type":"if","locations":[{"start":{"line":23,"column":6},"end":{"line":25,"column":7}},{"start":{},"end":{}}],"line":23},"6":{"loc":{"start":{"line":27,"column":6},"end":{"line":29,"column":7}},"type":"if","locations":[{"start":{"line":27,"column":6},"end":{"line":29,"column":7}},{"start":{},"end":{}}],"line":27},"7":{"loc":{"start":{"line":27,"column":10},"end":{"line":27,"column":66}},"type":"binary-expr","locations":[{"start":{"line":27,"column":10},"end":{"line":27,"column":36}},{"start":{"line":27,"column":40},"end":{"line":27,"column":66}}],"line":27},"8":{"loc":{"start":{"line":37,"column":4},"end":{"line":39,"column":5}},"type":"if","locations":[{"start":{"line":37,"column":4},"end":{"line":39,"column":5}},{"start":{},"end":{}}],"line":37}},"s":{"0":3,"1":96,"2":3,"3":3,"4":39,"5":39,"6":39,"7":39,"8":96,"9":96,"10":96,"11":99,"12":21,"13":78,"14":96,"15":66,"16":39,"17":27,"18":12,"19":15,"20":30,"21":12,"22":18,"23":39},"f":{"0":96,"1":39,"2":96,"3":99},"b":{"0":[6],"1":[21,78],"2":[99,24],"3":[66,30],"4":[96,78],"5":[39,27],"6":[12,15],"7":[27,15],"8":[12,18]},"_coverageSchema":"1a1c01bbd47fc00a2c39e90264f33305004495a9","hash":"39f3c043e422236b4a886819759fd35207ec2813"}
}
