{"/Applications/dev/web/research/hexlet/frontend-project-46/src/formatters/index.js": {"path":"/Applications/dev/web/research/hexlet/frontend-project-46/src/formatters/index.js","statementMap":{"0":{"start":{"line":5,"column":16},"end":{"line":16,"column":1}},"1":{"start":{"line":6,"column":22},"end":{"line":6,"column":40}},"2":{"start":{"line":7,"column":22},"end":{"line":7,"column":41}},"3":{"start":{"line":8,"column":2},"end":{"line":15,"column":3}},"4":{"start":{"line":10,"column":6},"end":{"line":10,"column":54}},"5":{"start":{"line":12,"column":6},"end":{"line":12,"column":52}},"6":{"start":{"line":14,"column":6},"end":{"line":14,"column":32}},"7":{"start":{"line":18,"column":16},"end":{"line":20,"column":1}},"8":{"start":{"line":19,"column":2},"end":{"line":19,"column":54}}},"fnMap":{"0":{"name":"(anonymous_0)","decl":{"start":{"line":5,"column":16},"end":{"line":5,"column":17}},"loc":{"start":{"line":5,"column":55},"end":{"line":16,"column":1}},"line":5},"1":{"name":"(anonymous_1)","decl":{"start":{"line":18,"column":16},"end":{"line":18,"column":17}},"loc":{"start":{"line":18,"column":44},"end":{"line":20,"column":1}},"line":18}},"branchMap":{"0":{"loc":{"start":{"line":5,"column":32},"end":{"line":5,"column":50}},"type":"default-arg","locations":[{"start":{"line":5,"column":41},"end":{"line":5,"column":50}}],"line":5},"1":{"loc":{"start":{"line":8,"column":2},"end":{"line":15,"column":3}},"type":"switch","locations":[{"start":{"line":9,"column":4},"end":{"line":10,"column":54}},{"start":{"line":11,"column":4},"end":{"line":12,"column":52}},{"start":{"line":13,"column":4},"end":{"line":14,"column":32}}],"line":8}},"s":{"0":2,"1":13,"2":13,"3":13,"4":6,"5":6,"6":1,"7":2,"8":0},"f":{"0":13,"1":0},"b":{"0":[6],"1":[6,6,1]},"_coverageSchema":"1a1c01bbd47fc00a2c39e90264f33305004495a9","hash":"df5bab9679153ab9f04fb64a5196b543afe2d79b"}
}
