TN:
SF:src/parser.js
FN:6,getFile
FN:15,parserJSON
FN:17,parserYAML
FN:19,analizePath
FNF:4
FNH:4
FNDA:10,getFile
FNDA:8,parserJSON
FNDA:1,parserYAML
FNDA:10,analizePath
DA:1,1
DA:2,1
DA:3,1
DA:4,1
DA:5,1
DA:6,1
DA:7,10
DA:8,10
DA:9,10
DA:10,1
DA:11,1
DA:12,1
DA:13,10
DA:14,1
DA:15,1
DA:16,1
DA:17,1
DA:18,1
DA:19,1
DA:20,10
DA:21,10
DA:22,10
DA:23,1
DA:24,1
DA:25,1
DA:26,1
DA:27,1
LF:27
LH:27
BRDA:6,0,0,10
BRDA:9,1,0,1
BRDA:15,2,0,8
BRDA:17,3,0,1
BRDA:19,4,0,10
BRDA:21,5,0,8
BRDA:21,6,0,2
BRDA:22,7,0,1
BRF:8
BRH:8
end_of_record
TN:
SF:src/stylish.js
FN:4,sortKeys
FN:6,compareFilesFlat
FN:31,buildString
FN:37,doCompareFlat
FNF:4
FNH:4
FNDA:6,sortKeys
FNDA:5,compareFilesFlat
FNDA:2,buildString
FNDA:1,doCompareFlat
DA:1,1
DA:2,1
DA:3,1
DA:4,1
DA:5,1
DA:6,1
DA:7,5
DA:8,5
DA:9,5
DA:10,25
DA:11,25
DA:12,25
DA:13,25
DA:14,25
DA:15,10
DA:16,10
DA:17,25
DA:18,10
DA:19,5
DA:20,5
DA:21,10
DA:22,10
DA:23,25
DA:24,5
DA:25,5
DA:26,25
DA:27,25
DA:28,5
DA:29,5
DA:30,1
DA:31,1
DA:32,2
DA:33,2
DA:34,2
DA:35,2
DA:36,1
DA:37,1
DA:38,1
DA:39,1
DA:40,1
DA:41,1
DA:42,1
DA:43,1
DA:44,1
DA:45,1
LF:45
LH:45
BRDA:4,0,0,6
BRDA:6,1,0,5
BRDA:9,2,0,25
BRDA:14,3,0,15
BRDA:14,4,0,10
BRDA:17,5,0,10
BRDA:17,6,0,10
BRDA:18,7,0,5
BRDA:23,8,0,15
BRDA:23,9,0,5
BRDA:31,10,0,2
BRDA:32,11,0,12
BRDA:37,12,0,1
BRF:13
BRH:13
end_of_record
