TN:
SF:src/index.js
FNF:0
FNH:0
LF:0
LH:0
BRF:0
BRH:0
end_of_record
TN:
SF:src/formatters/index.js
FN:5,(anonymous_0)
FN:18,(anonymous_1)
FNF:2
FNH:1
FNDA:13,(anonymous_0)
FNDA:0,(anonymous_1)
DA:5,2
DA:6,13
DA:7,13
DA:8,13
DA:10,6
DA:12,6
DA:14,1
DA:18,2
DA:19,0
LF:9
LH:8
BRDA:5,0,0,6
BRDA:8,1,0,6
BRDA:8,1,1,6
BRDA:8,1,2,1
BRF:4
BRH:4
end_of_record
TN:
SF:src/formatters/plain.js
FN:3,(anonymous_0)
FN:15,(anonymous_1)
FN:18,(anonymous_2)
FNF:3
FNH:3
FNDA:48,(anonymous_0)
FNDA:18,(anonymous_1)
FNDA:69,(anonymous_2)
DA:3,2
DA:4,48
DA:6,12
DA:7,9
DA:9,21
DA:11,15
DA:15,2
DA:16,18
DA:17,18
DA:18,18
DA:19,69
DA:20,69
DA:21,69
DA:23,69
DA:24,39
DA:25,12
DA:28,27
DA:29,12
DA:32,15
DA:37,30
DA:38,12
DA:41,18
DA:46,18
LF:23
LH:23
BRDA:4,0,0,12
BRDA:4,0,1,21
BRDA:4,0,2,15
BRDA:6,1,0,3
BRDA:6,1,1,9
BRDA:15,2,0,6
BRDA:21,3,0,27
BRDA:21,3,1,42
BRDA:23,4,0,39
BRDA:23,4,1,30
BRDA:23,5,0,69
BRDA:23,5,1,51
BRDA:24,6,0,12
BRDA:24,6,1,27
BRDA:24,7,0,39
BRDA:24,7,1,15
BRDA:28,8,0,12
BRDA:28,8,1,15
BRDA:37,9,0,12
BRDA:37,9,1,18
BRF:20
BRH:20
end_of_record
TN:
SF:src/formatters/stylish.js
FN:3,(anonymous_0)
FN:7,(anonymous_1)
FN:11,(anonymous_2)
FN:15,(anonymous_3)
FNF:4
FNH:4
FNDA:57,(anonymous_0)
FNDA:39,(anonymous_1)
FNDA:96,(anonymous_2)
FNDA:99,(anonymous_3)
DA:3,57
DA:5,2
DA:7,2
DA:8,39
DA:9,39
DA:10,39
DA:11,39
DA:12,96
DA:13,96
DA:15,96
DA:16,99
DA:17,21
DA:19,78
DA:22,96
DA:23,66
DA:24,39
DA:27,27
DA:28,12
DA:31,15
DA:37,30
DA:38,12
DA:41,18
DA:44,39
LF:23
LH:23
BRDA:7,0,0,6
BRDA:16,1,0,21
BRDA:16,1,1,78
BRDA:16,2,0,99
BRDA:16,2,1,24
BRDA:22,3,0,66
BRDA:22,3,1,30
BRDA:22,4,0,96
BRDA:22,4,1,78
BRDA:23,5,0,39
BRDA:23,5,1,27
BRDA:27,6,0,12
BRDA:27,6,1,15
BRDA:27,7,0,27
BRDA:27,7,1,15
BRDA:37,8,0,12
BRDA:37,8,1,18
BRF:17
BRH:17
end_of_record
